VRTest/Library/Bee/Android/Prj/IL2CPP/Gradle/launcher/build/intermediates/manifest_merge_blame_file/release/manifest-merger-blame-release-report.txt
1<?xml version="1.0" encoding="utf-8"?>
2<manifest xmlns:android="http://schemas.android.com/apk/res/android"
3    package="com.DefaultCompany.VRTest"
4    android:installLocation="auto"
5    android:versionCode="1"
6    android:versionName="0.1" >
7
8    <uses-sdk
9        android:minSdkVersion="29"
9-->src\main\AndroidManifest.xml
10        android:targetSdkVersion="32" />
10-->src\main\AndroidManifest.xml
11
12    <supports-screens
12-->src\main\AndroidManifest.xml:4:3-163
13        android:anyDensity="true"
13-->src\main\AndroidManifest.xml:4:135-160
14        android:largeScreens="true"
14-->src\main\AndroidManifest.xml:4:78-105
15        android:normalScreens="true"
15-->src\main\AndroidManifest.xml:4:49-77
16        android:smallScreens="true"
16-->src\main\AndroidManifest.xml:4:21-48
17        android:xlargeScreens="true" />
17-->src\main\AndroidManifest.xml:4:106-134
18
19    <uses-permission android:name="android.permission.INTERNET" />
19-->[:unityLibrary] AndroidManifest.xml:9:5-67
19-->[:unityLibrary] AndroidManifest.xml:9:22-64
20
21    <uses-feature
21-->[:unityLibrary] AndroidManifest.xml:11:5-14:31
22        android:name="android.hardware.vr.headtracking"
22-->[:unityLibrary] AndroidManifest.xml:12:9-56
23        android:required="true"
23-->[:unityLibrary] AndroidManifest.xml:13:9-32
24        android:version="1" />
24-->[:unityLibrary] AndroidManifest.xml:14:9-28
25    <uses-feature
25-->[:unityLibrary] AndroidManifest.xml:15:5-17:35
26        android:name="android.hardware.vulkan.version"
26-->[:unityLibrary] AndroidManifest.xml:16:9-55
27        android:required="true" />
27-->[:unityLibrary] AndroidManifest.xml:17:9-32
28    <uses-feature
28-->[:unityLibrary] AndroidManifest.xml:18:5-20:36
29        android:name="android.hardware.touchscreen"
29-->[:unityLibrary] AndroidManifest.xml:19:9-52
30        android:required="false" />
30-->[:unityLibrary] AndroidManifest.xml:20:9-33
31    <uses-feature
31-->[:unityLibrary] AndroidManifest.xml:21:5-23:36
32        android:name="android.hardware.touchscreen.multitouch"
32-->[:unityLibrary] AndroidManifest.xml:22:9-63
33        android:required="false" />
33-->[:unityLibrary] AndroidManifest.xml:23:9-33
34    <uses-feature
34-->[:unityLibrary] AndroidManifest.xml:24:5-26:36
35        android:name="android.hardware.touchscreen.multitouch.distinct"
35-->[:unityLibrary] AndroidManifest.xml:25:9-72
36        android:required="false" />
36-->[:unityLibrary] AndroidManifest.xml:26:9-33
37    <uses-feature
37-->[:unityLibrary] AndroidManifest.xml:27:5-29:36
38        android:name="oculus.software.handtracking"
38-->[:unityLibrary] AndroidManifest.xml:28:9-52
39        android:required="false" />
39-->[:unityLibrary] AndroidManifest.xml:29:9-33
40
41    <uses-permission android:name="com.oculus.permission.HAND_TRACKING" />
41-->[:unityLibrary] AndroidManifest.xml:31:5-75
41-->[:unityLibrary] AndroidManifest.xml:31:22-72
42    <uses-permission android:name="com.oculus.permission.USE_ANCHOR_API" />
42-->[:unityLibrary] AndroidManifest.xml:32:5-76
42-->[:unityLibrary] AndroidManifest.xml:32:22-73
43    <uses-permission android:name="com.oculus.permission.USE_SCENE" />
43-->[:unityLibrary] AndroidManifest.xml:33:5-71
43-->[:unityLibrary] AndroidManifest.xml:33:22-68
44
45    <application
45-->src\main\AndroidManifest.xml:3:3-83
46        android:allowBackup="false"
46-->[:unityLibrary] AndroidManifest.xml:36:9-36
47        android:extractNativeLibs="true"
47-->[:unityLibrary] AndroidManifest.xml:37:9-41
48        android:icon="@mipmap/app_icon"
48-->src\main\AndroidManifest.xml:3:49-80
49        android:label="@string/app_name"
49-->src\main\AndroidManifest.xml:3:16-48
50        android:networkSecurityConfig="@xml/network_sec_config" >
50-->[:unityLibrary] AndroidManifest.xml:40:9-64
51        <meta-data
51-->[:unityLibrary] AndroidManifest.xml:41:9-43:37
52            android:name="unityplayer.SkipPermissionsDialog"
52-->[:unityLibrary] AndroidManifest.xml:42:13-61
53            android:value="false" />
53-->[:unityLibrary] AndroidManifest.xml:43:13-34
54        <meta-data
54-->[:unityLibrary] AndroidManifest.xml:44:9-46:39
55            android:name="com.samsung.android.vr.application.mode"
55-->[:unityLibrary] AndroidManifest.xml:45:13-67
56            android:value="vr_only" />
56-->[:unityLibrary] AndroidManifest.xml:46:13-36
57        <meta-data
57-->[:unityLibrary] AndroidManifest.xml:47:9-49:37
58            android:name="com.oculus.ossplash.background"
58-->[:unityLibrary] AndroidManifest.xml:48:13-58
59            android:value="black" />
59-->[:unityLibrary] AndroidManifest.xml:49:13-34
60        <meta-data
60-->[:unityLibrary] AndroidManifest.xml:50:9-52:68
61            android:name="com.oculus.telemetry.project_guid"
61-->[:unityLibrary] AndroidManifest.xml:51:13-61
62            android:value="847a8ce5-8bb3-447b-9091-60555c1ac999" />
62-->[:unityLibrary] AndroidManifest.xml:52:13-65
63        <meta-data
63-->[:unityLibrary] AndroidManifest.xml:53:9-55:62
64            android:name="com.oculus.supportedDevices"
64-->[:unityLibrary] AndroidManifest.xml:54:13-55
65            android:value="quest2|questpro|quest3|quest3s" />
65-->[:unityLibrary] AndroidManifest.xml:55:13-59
66        <meta-data
66-->[:unityLibrary] AndroidManifest.xml:56:9-58:33
67            android:name="unity.splash-mode"
67-->[:unityLibrary] AndroidManifest.xml:57:13-45
68            android:value="0" />
68-->[:unityLibrary] AndroidManifest.xml:58:13-30
69        <meta-data
69-->[:unityLibrary] AndroidManifest.xml:59:9-61:36
70            android:name="unity.splash-enable"
70-->[:unityLibrary] AndroidManifest.xml:60:13-47
71            android:value="True" />
71-->[:unityLibrary] AndroidManifest.xml:61:13-33
72        <meta-data
72-->[:unityLibrary] AndroidManifest.xml:62:9-64:36
73            android:name="unity.launch-fullscreen"
73-->[:unityLibrary] AndroidManifest.xml:63:13-51
74            android:value="True" />
74-->[:unityLibrary] AndroidManifest.xml:64:13-33
75        <meta-data
75-->[:unityLibrary] AndroidManifest.xml:65:9-67:36
76            android:name="unity.render-outside-safearea"
76-->[:unityLibrary] AndroidManifest.xml:66:13-57
77            android:value="True" />
77-->[:unityLibrary] AndroidManifest.xml:67:13-33
78        <meta-data
78-->[:unityLibrary] AndroidManifest.xml:68:9-70:50
79            android:name="notch.config"
79-->[:unityLibrary] AndroidManifest.xml:69:13-40
80            android:value="portrait|landscape" />
80-->[:unityLibrary] AndroidManifest.xml:70:13-47
81        <meta-data
81-->[:unityLibrary] AndroidManifest.xml:71:9-73:36
82            android:name="unity.auto-report-fully-drawn"
82-->[:unityLibrary] AndroidManifest.xml:72:13-57
83            android:value="true" />
83-->[:unityLibrary] AndroidManifest.xml:73:13-33
84
85        <activity
85-->[:unityLibrary] AndroidManifest.xml:75:9-98:20
86            android:name="com.unity3d.player.UnityPlayerActivity"
86-->[:unityLibrary] AndroidManifest.xml:76:13-66
87            android:configChanges="keyboard|keyboardHidden|navigation|orientation|screenLayout|screenSize|uiMode|density"
87-->[:unityLibrary] AndroidManifest.xml:77:13-122
88            android:excludeFromRecents="true"
88-->[:unityLibrary] AndroidManifest.xml:78:13-46
89            android:exported="true"
89-->[:unityLibrary] AndroidManifest.xml:79:13-36
90            android:hardwareAccelerated="false"
90-->[:unityLibrary] AndroidManifest.xml:80:13-48
91            android:launchMode="singleTask"
91-->[:unityLibrary] AndroidManifest.xml:81:13-44
92            android:resizeableActivity="false"
92-->[:unityLibrary] AndroidManifest.xml:82:13-47
93            android:screenOrientation="landscape"
93-->[:unityLibrary] AndroidManifest.xml:83:13-50
94            android:theme="@android:style/Theme.Black.NoTitleBar.Fullscreen" >
94-->[:unityLibrary] AndroidManifest.xml:84:13-77
95            <intent-filter>
95-->[:unityLibrary] AndroidManifest.xml:85:13-90:29
96                <category android:name="android.intent.category.LAUNCHER" />
96-->[:unityLibrary] AndroidManifest.xml:86:17-77
96-->[:unityLibrary] AndroidManifest.xml:86:27-74
97                <category android:name="com.oculus.intent.category.VR" />
97-->[:unityLibrary] AndroidManifest.xml:87:17-74
97-->[:unityLibrary] AndroidManifest.xml:87:27-71
98
99                <action android:name="android.intent.action.MAIN" />
99-->[:unityLibrary] AndroidManifest.xml:89:17-69
99-->[:unityLibrary] AndroidManifest.xml:89:25-66
100            </intent-filter>
101
102            <meta-data
102-->[:unityLibrary] AndroidManifest.xml:92:13-94:40
103                android:name="com.oculus.vr.focusaware"
103-->[:unityLibrary] AndroidManifest.xml:93:17-56
104                android:value="true" />
104-->[:unityLibrary] AndroidManifest.xml:94:17-37
105            <meta-data
105-->[:unityLibrary] AndroidManifest.xml:95:13-97:40
106                android:name="notch_support"
106-->[:unityLibrary] AndroidManifest.xml:96:17-45
107                android:value="true" />
107-->[:unityLibrary] AndroidManifest.xml:97:17-37
108        </activity>
109
110        <meta-data
110-->[:unityLibrary] AndroidManifest.xml:100:9-102:37
111            android:name="com.unity.xr.oculus.LowOverheadMode"
111-->[:unityLibrary] AndroidManifest.xml:101:13-63
112            android:value="false" />
112-->[:unityLibrary] AndroidManifest.xml:102:13-34
113        <meta-data
113-->[:unityLibrary] AndroidManifest.xml:103:9-105:37
114            android:name="com.unity.xr.oculus.LateLatching"
114-->[:unityLibrary] AndroidManifest.xml:104:13-60
115            android:value="false" />
115-->[:unityLibrary] AndroidManifest.xml:105:13-34
116        <meta-data
116-->[:unityLibrary] AndroidManifest.xml:106:9-108:37
117            android:name="com.unity.xr.oculus.LateLatchingDebug"
117-->[:unityLibrary] AndroidManifest.xml:107:13-65
118            android:value="false" />
118-->[:unityLibrary] AndroidManifest.xml:108:13-34
119        <meta-data
119-->[:unityLibrary] AndroidManifest.xml:109:9-111:35
120            android:name="com.oculus.handtracking.frequency"
120-->[:unityLibrary] AndroidManifest.xml:110:13-61
121            android:value="LOW" />
121-->[:unityLibrary] AndroidManifest.xml:111:13-32
122    </application>
123
124</manifest>